<?xml version="1.0" encoding="UTF-8"?>
<testsuite xmlns:xsi="http://www.w3.org/2001/XMLSchema-instance" xsi:noNamespaceSchemaLocation="https://maven.apache.org/surefire/maven-surefire-plugin/xsd/surefire-test-report-3.0.xsd" version="3.0" name="com.example.backend.BackendApplicationTests" time="3.534" tests="1" errors="0" skipped="0" failures="0">
  <properties>
[...]
</properties>
  <testcase name="contextLoads" classname="com.example.backend.BackendApplicationTests" time="0.9">
    <system-out><![CDATA[00:00:55.466 [main] INFO org.springframework.test.context.support.AnnotationConfigContextLoaderUtils -- Could not detect default configuration classes for test class [com.example.backend.BackendApplicationTests]: BackendApplicationTests does not declare any static, non-private, non-final, nested classes annotated with @Configuration.
00:00:55.574 [main] INFO org.springframework.boot.test.context.SpringBootTestContextBootstrapper -- Found @SpringBootConfiguration com.example.backend.BackendApplication for test class com.example.backend.BackendApplicationTests

  .   ____          _            __ _ _
 /\\ / ___'_ __ _ _(_)_ __  __ _ \ \ \ \
( ( )\___ | '_ | '_| | '_ \/ _` | \ \ \ \
 \\/  ___)| |_)| | | | | || (_| |  ) ) ) )
  '  |____| .__|_| |_|_| |_\__, | / / / /
 =========|_|==============|___/=/_/_/_/
 :: Spring Boot ::                (v3.2.4)

2024-05-20T00:00:56.019+03:00  INFO 2536 --- [Backend] [           main] c.e.backend.BackendApplicationTests      : Starting BackendApplicationTests using Java 21.0.1 with PID 2536 (started by Raul in C:\Users\Raul\Desktop\MPP\Lab2Silver\Cars\Backend)
2024-05-20T00:00:56.020+03:00  INFO 2536 --- [Backend] [           main] c.e.backend.BackendApplicationTests      : No active profile set, falling back to 1 default profile: "default"
2024-05-20T00:00:57.894+03:00  INFO 2536 --- [Backend] [           main] c.e.backend.BackendApplicationTests      : Started BackendApplicationTests in 2.142 seconds (process running for 3.142)
]]></system-out>
    <system-err><![CDATA[WARNING: A Java agent has been loaded dynamically (C:\Users\Raul\.m2\repository\net\bytebuddy\byte-buddy-agent\1.14.12\byte-buddy-agent-1.14.12.jar)
WARNING: If a serviceability tool is in use, please run with -XX:+EnableDynamicAgentLoading to hide this warning
WARNING: If a serviceability tool is not in use, please run with -Djdk.instrument.traceUsage for more information
WARNING: Dynamic loading of agents will be disallowed by default in a future release
]]></system-err>
  </testcase>
</testsuite>